#
# A fatal error has been detected by the Java Runtime Environment:
#
#  Internal Error (javaClasses.cpp:124), pid=3996, tid=2784
#  fatal error: Invalid layout of preloaded class
#
# JRE version:  (8.0_05-b13) (build )
# Java VM: Java HotSpot(TM) Client VM (25.5-b02 mixed mode windows-x86 )
# Failed to write core dump. Minidumps are not enabled by default on client versions of Windows
#
# If you would like to submit a bug report, please visit:
#   http://bugreport.sun.com/bugreport/crash.jsp
#

---------------  T H R E A D  ---------------

Current thread (0x0093c400):  JavaThread "Unknown thread" [_thread_in_vm, id=2784, stack(0x009d0000,0x00a20000)]

Stack: [0x009d0000,0x00a20000],  sp=0x00a1f4d8,  free space=317k
Native frames: (J=compiled Java code, j=interpreted, Vv=VM code, C=native code)
V  [jvm.dll+0x1921e8]
V  [jvm.dll+0x18b2e6]
V  [jvm.dll+0x3aafa]
V  [jvm.dll+0x3acb0]
V  [jvm.dll+0x499f3]
V  [jvm.dll+0x9c1ae]
V  [jvm.dll+0x9c472]
V  [jvm.dll+0x140ae1]
V  [jvm.dll+0x1647e8]
V  [jvm.dll+0xd8c61]
C  [javaw.exe+0x13ce]
C  [javaw.exe+0x1e85]
C  [javaw.exe+0xab71]
C  [javaw.exe+0xabfb]
C  [kernel32.dll+0x53c45]
C  [ntdll.dll+0x637f5]
C  [ntdll.dll+0x637c8]


---------------  P R O C E S S  ---------------

Java Threads: ( => current thread )

Other Threads:

=>0x0093c400 (exited) JavaThread "Unknown thread" [_thread_in_vm, id=2784, stack(0x009d0000,0x00a20000)]

VM state:not at safepoint (not fully initialized)

VM Mutex/Monitor currently owned by a thread: None

GC Heap History (0 events):
No events

Deoptimization events (0 events):
No events

Internal exceptions (0 events):
No events

Events (10 events):
Event: 0.016 loading class java/lang/CharSequence done
Event: 0.016 loading class java/lang/String done
Event: 0.017 loading class java/lang/Class
Event: 0.017 loading class java/lang/reflect/AnnotatedElement
Event: 0.017 loading class java/lang/reflect/AnnotatedElement done
Event: 0.017 loading class java/lang/reflect/GenericDeclaration
Event: 0.017 loading class java/lang/reflect/GenericDeclaration done
Event: 0.017 loading class java/lang/reflect/Type
Event: 0.017 loading class java/lang/reflect/Type done
Event: 0.017 loading class java/lang/Class done


Dynamic libraries:
0x00de0000 - 0x00e10000 	C:\Program Files\Java\jre8\bin\javaw.exe
0x77680000 - 0x777bc000 	C:\Windows\SYSTEM32\ntdll.dll
0x75e10000 - 0x75ee4000 	C:\Windows\system32\kernel32.dll
0x75850000 - 0x7589a000 	C:\Windows\system32\KERNELBASE.dll
0x77420000 - 0x774c0000 	C:\Windows\system32\ADVAPI32.dll
0x77240000 - 0x772ec000 	C:\Windows\system32\msvcrt.dll
0x777e0000 - 0x777f9000 	C:\Windows\SYSTEM32\sechost.dll
0x77540000 - 0x775e1000 	C:\Windows\system32\RPCRT4.dll
0x76d40000 - 0x76e09000 	C:\Windows\system32\USER32.dll
0x77050000 - 0x7709e000 	C:\Windows\system32\GDI32.dll
0x777c0000 - 0x777ca000 	C:\Windows\system32\LPK.dll
0x76e70000 - 0x76f0d000 	C:\Windows\system32\USP10.dll
0x73e60000 - 0x73ffe000 	C:\Windows\WinSxS\x86_microsoft.windows.common-controls_6595b64144ccf1df_6.0.7601.17514_none_41e6975e2bd6f2b2\COMCTL32.dll
0x76e10000 - 0x76e67000 	C:\Windows\system32\SHLWAPI.dll
0x77890000 - 0x778af000 	C:\Windows\system32\IMM32.DLL
0x772f0000 - 0x773bc000 	C:\Windows\system32\MSCTF.dll
0x5e250000 - 0x5e30f000 	C:\Program Files\Java\jre8\bin\msvcr100.dll
0x5b3f0000 - 0x5b786000 	C:\Program Files\Java\jre8\bin\client\jvm.dll
0x6b4f0000 - 0x6b4f7000 	C:\Windows\system32\WSOCK32.dll
0x76f10000 - 0x76f45000 	C:\Windows\system32\WS2_32.dll
0x777d0000 - 0x777d6000 	C:\Windows\system32\NSI.dll
0x72ed0000 - 0x72f02000 	C:\Windows\system32\WINMM.dll
0x75d80000 - 0x75d85000 	C:\Windows\system32\PSAPI.DLL
0x73610000 - 0x7361c000 	C:\Program Files\Java\jre8\bin\verify.dll
0x668a0000 - 0x668c1000 	C:\Program Files\Java\jre8\bin\java.dll
0x680c0000 - 0x680d3000 	C:\Program Files\Java\jre8\bin\zip.dll
0x74240000 - 0x7432b000 	C:\Windows\system32\dbghelp.dll

VM Arguments:
jvm_args: -Dfile.encoding=Cp1252 -Xbootclasspath:C:\adt-bundle-windows-x86-20130219\sdk\platforms\android-17\android.jar 
java_command: com.cipto.doa.JadwalCount
java_class_path (initial): C:\Users\cipto\workspace\Doa\bin\classes;C:\Users\cipto\workspace\android-support-v7-appcompat\bin\android-support-v7-appcompat.jar;C:\Users\cipto\workspace\android-support-v7-appcompat\libs\android-support-v4.jar;C:\Users\cipto\workspace\android-support-v7-appcompat\libs\android-support-v7-appcompat.jar;C:\Users\cipto\Documents\android-support-v7-appcompat-master\libs\android-support-v7-appcompat.jar
Launcher Type: SUN_STANDARD

Environment Variables:
PATH=C:/Program Files/Java/jre8/bin/client;C:/Program Files/Java/jre8/bin;C:/Program Files/Java/jre8/lib/i386;C:\Windows\system32;C:\Windows;C:\Windows\System32\Wbem;C:\Windows\System32\WindowsPowerShell\v1.0\;C:\adt-bundle-windows-x86-20130219\eclipse;
USERNAME=cipto
OS=Windows_NT
PROCESSOR_IDENTIFIER=x86 Family 6 Model 15 Stepping 13, GenuineIntel



---------------  S Y S T E M  ---------------

OS: Windows 7 Build 7601 Service Pack 1

CPU:total 2 (2 cores per cpu, 1 threads per core) family 6 model 15 stepping 13, cmov, cx8, fxsr, mmx, sse, sse2, sse3, ssse3, tsc

Memory: 4k page, physical 3110264k(799612k free), swap 6218772k(2794312k free)

vm_info: Java HotSpot(TM) Client VM (25.5-b02) for windows-x86 JRE (1.8.0_05-b13), built on Mar 18 2014 01:14:47 by "java_re" with MS VC++ 10.0 (VS2010)

time: Mon Jun 20 14:51:02 2016
elapsed time: 0 seconds

