#
# A fatal error has been detected by the Java Runtime Environment:
#
#  Internal Error (javaClasses.cpp:124), pid=3744, tid=2912
#  fatal error: Invalid layout of preloaded class
#
# JRE version:  (8.0_05-b13) (build )
# Java VM: Java HotSpot(TM) Client VM (25.5-b02 mixed mode windows-x86 )
# Failed to write core dump. Minidumps are not enabled by default on client versions of Windows
#
# If you would like to submit a bug report, please visit:
#   http://bugreport.sun.com/bugreport/crash.jsp
#

---------------  T H R E A D  ---------------

Current thread (0x008dc400):  JavaThread "Unknown thread" [_thread_in_vm, id=2912, stack(0x007a0000,0x007f0000)]

Stack: [0x007a0000,0x007f0000],  sp=0x007ef874,  free space=318k
Native frames: (J=compiled Java code, j=interpreted, Vv=VM code, C=native code)
V  [jvm.dll+0x1921e8]
V  [jvm.dll+0x18b2e6]
V  [jvm.dll+0x3aafa]
V  [jvm.dll+0x3acb0]
V  [jvm.dll+0x499f3]
V  [jvm.dll+0x9c1ae]
V  [jvm.dll+0x9c472]
V  [jvm.dll+0x140ae1]
V  [jvm.dll+0x1647e8]
V  [jvm.dll+0xd8c61]
C  [javaw.exe+0x13ce]
C  [javaw.exe+0x1e85]
C  [javaw.exe+0xab71]
C  [javaw.exe+0xabfb]
C  [kernel32.dll+0x53c45]
C  [ntdll.dll+0x637f5]
C  [ntdll.dll+0x637c8]


---------------  P R O C E S S  ---------------

Java Threads: ( => current thread )

Other Threads:

=>0x008dc400 (exited) JavaThread "Unknown thread" [_thread_in_vm, id=2912, stack(0x007a0000,0x007f0000)]

VM state:not at safepoint (not fully initialized)

VM Mutex/Monitor currently owned by a thread: None

GC Heap History (0 events):
No events

Deoptimization events (0 events):
No events

Internal exceptions (0 events):
No events

Events (10 events):
Event: 0.012 loading class java/lang/CharSequence done
Event: 0.013 loading class java/lang/String done
Event: 0.013 loading class java/lang/Class
Event: 0.013 loading class java/lang/reflect/AnnotatedElement
Event: 0.013 loading class java/lang/reflect/AnnotatedElement done
Event: 0.013 loading class java/lang/reflect/GenericDeclaration
Event: 0.013 loading class java/lang/reflect/GenericDeclaration done
Event: 0.013 loading class java/lang/reflect/Type
Event: 0.013 loading class java/lang/reflect/Type done
Event: 0.013 loading class java/lang/Class done


Dynamic libraries:
0x00950000 - 0x00980000 	C:\Program Files\Java\jre8\bin\javaw.exe
0x77440000 - 0x7757c000 	C:\Windows\SYSTEM32\ntdll.dll
0x77580000 - 0x77654000 	C:\Windows\system32\kernel32.dll
0x75840000 - 0x7588a000 	C:\Windows\system32\KERNELBASE.dll
0x77310000 - 0x773b0000 	C:\Windows\system32\ADVAPI32.dll
0x762b0000 - 0x7635c000 	C:\Windows\system32\msvcrt.dll
0x76510000 - 0x76529000 	C:\Windows\SYSTEM32\sechost.dll
0x75ac0000 - 0x75b61000 	C:\Windows\system32\RPCRT4.dll
0x75bb0000 - 0x75c79000 	C:\Windows\system32\USER32.dll
0x76460000 - 0x764ae000 	C:\Windows\system32\GDI32.dll
0x75aa0000 - 0x75aaa000 	C:\Windows\system32\LPK.dll
0x75de0000 - 0x75e7d000 	C:\Windows\system32\USP10.dll
0x744f0000 - 0x7468e000 	C:\Windows\WinSxS\x86_microsoft.windows.common-controls_6595b64144ccf1df_6.0.7601.17514_none_41e6975e2bd6f2b2\COMCTL32.dll
0x764b0000 - 0x76507000 	C:\Windows\system32\SHLWAPI.dll
0x75a80000 - 0x75a9f000 	C:\Windows\system32\IMM32.DLL
0x76390000 - 0x7645c000 	C:\Windows\system32\MSCTF.dll
0x628d0000 - 0x6298f000 	C:\Program Files\Java\jre8\bin\msvcr100.dll
0x50500000 - 0x50896000 	C:\Program Files\Java\jre8\bin\client\jvm.dll
0x688c0000 - 0x688c7000 	C:\Windows\system32\WSOCK32.dll
0x75b70000 - 0x75ba5000 	C:\Windows\system32\WS2_32.dll
0x77280000 - 0x77286000 	C:\Windows\system32\NSI.dll
0x73960000 - 0x73992000 	C:\Windows\system32\WINMM.dll
0x77660000 - 0x77665000 	C:\Windows\system32\PSAPI.DLL
0x732d0000 - 0x732dc000 	C:\Program Files\Java\jre8\bin\verify.dll
0x6d500000 - 0x6d521000 	C:\Program Files\Java\jre8\bin\java.dll
0x6e1a0000 - 0x6e1b3000 	C:\Program Files\Java\jre8\bin\zip.dll
0x71c60000 - 0x71d4b000 	C:\Windows\system32\dbghelp.dll

VM Arguments:
jvm_args: -Dfile.encoding=Cp1252 -Xbootclasspath:C:\adt-bundle-windows-x86-20130219\sdk\platforms\android-17\android.jar 
java_command: com.cipto.doa.JadwalCount
java_class_path (initial): C:\Users\cipto\workspace\Doa\bin\classes;C:\Users\cipto\workspace\android-support-v7-appcompat\bin\android-support-v7-appcompat.jar;C:\Users\cipto\workspace\android-support-v7-appcompat\libs\android-support-v4.jar;C:\Users\cipto\workspace\android-support-v7-appcompat\libs\android-support-v7-appcompat.jar;C:\Users\cipto\Documents\android-support-v7-appcompat-master\libs\android-support-v7-appcompat.jar
Launcher Type: SUN_STANDARD

Environment Variables:
PATH=C:/Program Files/Java/jre8/bin/client;C:/Program Files/Java/jre8/bin;C:/Program Files/Java/jre8/lib/i386;C:\Windows\system32;C:\Windows;C:\Windows\System32\Wbem;C:\Windows\System32\WindowsPowerShell\v1.0\;C:\adt-bundle-windows-x86-20130219\eclipse;
USERNAME=cipto
OS=Windows_NT
PROCESSOR_IDENTIFIER=x86 Family 6 Model 15 Stepping 13, GenuineIntel



---------------  S Y S T E M  ---------------

OS: Windows 7 Build 7601 Service Pack 1

CPU:total 2 (2 cores per cpu, 1 threads per core) family 6 model 15 stepping 13, cmov, cx8, fxsr, mmx, sse, sse2, sse3, ssse3, tsc

Memory: 4k page, physical 3110264k(1586268k free), swap 6218772k(4100988k free)

vm_info: Java HotSpot(TM) Client VM (25.5-b02) for windows-x86 JRE (1.8.0_05-b13), built on Mar 18 2014 01:14:47 by "java_re" with MS VC++ 10.0 (VS2010)

time: Mon May 09 17:12:33 2016
elapsed time: 0 seconds

